<?xml version="1.0" encoding="UTF-8"?>
<testsuite name="org.example.UsuarioServicioTest" tests="1" skipped="0" failures="0" errors="0" timestamp="2023-01-30T14:45:56" hostname="YE" time="0.505">
  <properties/>
  <testcase name="actualizarUsuario()" classname="org.example.UsuarioServicioTest" time="0.505"/>
  <system-out><![CDATA[]]></system-out>
  <system-err><![CDATA[]]></system-err>
</testsuite>
