<?xml version="1.0" encoding="UTF-8"?>
<testsuite name="org.example.UsuarioServicioTest" tests="1" skipped="0" failures="0" errors="0" timestamp="2023-01-27T14:47:20" hostname="YE" time="0.516">
  <properties/>
  <testcase name="Dado un usuario queremos obtenerlo con el mÃ©todo obtenerUsuario()Esperamos que el usuario no este creado." classname="org.example.UsuarioServicioTest" time="0.516"/>
  <system-out><![CDATA[]]></system-out>
  <system-err><![CDATA[]]></system-err>
</testsuite>
